<?xml version="1.0" encoding="UTF-8"?>
<!-- Generated by org.testng.reporters.JUnitReportReporter -->
<testsuite skipped="0" hostname="DESKTOP-0P7RLK5" name="COM.PAGES.test" tests="2" failures="0" timestamp="02 Sep 2020 10:10:45 GMT" time="0.015" errors="0">
  <testcase name="orenge" time="0.013" classname="COM.PAGES.test"/>
  <testcase name="orenge12" time="0.002" classname="COM.PAGES.test"/>
</testsuite> <!-- COM.PAGES.test -->
