<?xml version="1.0" encoding="UTF-8"?>
<!-- Generated by org.testng.reporters.JUnitReportReporter -->
<testsuite hostname="DESKTOP-0P7RLK5" name="COM.PAGES.RestPPI" tests="1" failures="0" timestamp="9 Sep 2020 14:38:07 GMT" time="4.879" errors="0">
  <testcase name="LauncgAPI" time="4.879" classname="COM.PAGES.RestPPI"/>
</testsuite> <!-- COM.PAGES.RestPPI -->
